{
  "stats": {
    "suites": 2,
    "tests": 2,
    "passes": 2,
    "pending": 0,
    "failures": 0,
    "start": "2025-07-01T14:42:32.171Z",
    "end": "2025-07-01T14:42:39.855Z",
    "duration": 7684,
    "testsRegistered": 2,
    "passPercent": 100,
    "pendingPercent": 0,
    "other": 0,
    "hasOther": false,
    "skipped": 0,
    "hasSkipped": false
  },
  "results": [
    {
      "uuid": "30121669-6808-43fb-b002-f495ce1a8a63",
      "title": "",
      "fullFile": "",
      "file": "",
      "beforeHooks": [],
      "afterHooks": [],
      "tests": [],
      "suites": [
        {
          "uuid": "e3efa9a0-7fd4-42e8-b08e-50b1b9b69f82",
          "title": "Case Testing 1",
          "fullFile": "D:\\QA Automation\\Sesi 9_Josephine\\tests\\test-login.js",
          "file": "\\tests\\test-login.js",
          "beforeHooks": [],
          "afterHooks": [],
          "tests": [
            {
              "title": "Visit SauceDemo dan Sukses Login",
              "fullTitle": "Case Testing 1 Visit SauceDemo dan Sukses Login",
              "timedOut": false,
              "duration": 3649,
              "state": "passed",
              "speed": "slow",
              "pass": true,
              "fail": false,
              "pending": false,
              "context": null,
              "code": "driver = await new Builder().forBrowser('firefox').build();\nawait driver.get('https://www.saucedemo.com');\n// Melakukan inputan Username dan Password\nlet inputUsername = await driver.findElement(By.css('[data-test=\"username\"]'))\nlet inputPassword = await driver.findElement(By.xpath('//*[@data-test=\"password\"]'))\nlet buttonLogin = await driver.findElement(By.className('submit-button btn_action'))\nawait inputUsername.sendKeys('standard_user')\nawait inputPassword.sendKeys('secret_sauce')\nawait buttonLogin.click()\n//Menampilkan URL berubah menuju dashboard\nawait driver.wait(until.urlContains('inventory.html'),5000);\n//Menampilkan elemen jika berhasil \nconst inventoryContainer = await driver.findElement(By.xpath('//*[@id=\"root\"]'));\nconst isDisplayed = await inventoryContainer.isDisplayed();\nassert.strictEqual(isDisplayed, true);\nawait driver.quit();",
              "err": {},
              "uuid": "0af2c42c-3e7c-47c2-bee5-05a86767f8cd",
              "parentUUID": "e3efa9a0-7fd4-42e8-b08e-50b1b9b69f82",
              "isHook": false,
              "skipped": false
            }
          ],
          "suites": [],
          "passes": [
            "0af2c42c-3e7c-47c2-bee5-05a86767f8cd"
          ],
          "failures": [],
          "pending": [],
          "skipped": [],
          "duration": 3649,
          "root": false,
          "rootEmpty": false,
          "_timeout": 60000
        },
        {
          "uuid": "148ac3fe-3fd5-4ea4-8aef-20e27cffd1f9",
          "title": "Case Testing 2",
          "fullFile": "D:\\QA Automation\\Sesi 9_Josephine\\tests\\test-urutanproduk.js",
          "file": "\\tests\\test-urutanproduk.js",
          "beforeHooks": [],
          "afterHooks": [],
          "tests": [
            {
              "title": "Visit SauceDemo dan Mengurutkan Produk A-Z",
              "fullTitle": "Case Testing 2 Visit SauceDemo dan Mengurutkan Produk A-Z",
              "timedOut": false,
              "duration": 4029,
              "state": "passed",
              "speed": "slow",
              "pass": true,
              "fail": false,
              "pending": false,
              "context": null,
              "code": "driver = await new Builder().forBrowser('firefox').build();\nawait driver.get('https://www.saucedemo.com');\n// Melakukan inputan Username dan Password\nlet inputUsername = await driver.findElement(By.css('[data-test=\"username\"]'))\nlet inputPassword = await driver.findElement(By.xpath('//*[@data-test=\"password\"]'))\nlet buttonLogin = await driver.findElement(By.className('submit-button btn_action'))\nawait inputUsername.sendKeys('standard_user')\nawait inputPassword.sendKeys('secret_sauce')\nawait buttonLogin.click()\n// Pilih dropdown sorting A to Z\nconst sortSelect = await driver.findElement(By.xpath('//*[@id=\"header_container\"]/div[2]/div/span/select'));\nawait sortSelect.sendKeys('Name (A to Z)'); // Selenium akan pilih opsi berdasarkan label\n// Validasi kontainer produk muncul\nconst inventoryContainer = await driver.findElement(By.id('inventory_container'));\nassert.strictEqual(await inventoryContainer.isDisplayed(), true);   \nawait driver.quit();",
              "err": {},
              "uuid": "0b56844f-5597-4241-ba2e-3f14b7495100",
              "parentUUID": "148ac3fe-3fd5-4ea4-8aef-20e27cffd1f9",
              "isHook": false,
              "skipped": false
            }
          ],
          "suites": [],
          "passes": [
            "0b56844f-5597-4241-ba2e-3f14b7495100"
          ],
          "failures": [],
          "pending": [],
          "skipped": [],
          "duration": 4029,
          "root": false,
          "rootEmpty": false,
          "_timeout": 60000
        }
      ],
      "passes": [],
      "failures": [],
      "pending": [],
      "skipped": [],
      "duration": 0,
      "root": true,
      "rootEmpty": true,
      "_timeout": 60000
    }
  ],
  "meta": {
    "mocha": {
      "version": "10.8.2"
    },
    "mochawesome": {
      "options": {
        "quiet": false,
        "reportFilename": "mochawesome",
        "saveHtml": true,
        "saveJson": true,
        "consoleReporter": "spec",
        "useInlineDiffs": false,
        "code": true
      },
      "version": "7.1.3"
    },
    "marge": {
      "options": null,
      "version": "6.2.0"
    }
  }
}